<?xml version="1.0" encoding="UTF-8"?>
<!-- Generated by org.testng.reporters.JUnitXMLReporter -->
<testsuite ignored="0" hostname="DESKTOP-0T81S93" failures="0" tests="2" name="Regression Test" time="0.449" errors="0" timestamp="2020-10-09T18:54:27 EET">
  <testcase classname="CreateUserTCs.CreateUserTC1_TC2" name="TC1_CheckCreateNewuser_Exists" time="0.071"/>
  <testcase classname="CreateUserTCs.CreateUserTC1_TC2" name="TC2_CheckAllFields_Exisit" time="0.325"/>
</testsuite> <!-- Regression Test -->
