<?xml version="1.0" encoding="UTF-8"?>
<!-- Generated by org.testng.reporters.JUnitXMLReporter -->
<testsuite ignored="0" hostname="DESKTOP-0T81S93" failures="0" tests="3" name="TC7_TC8_TC10" time="22.504" errors="0" timestamp="2020-10-29T17:09:43 EET">
  <testcase classname="CreateUserTCs.CreateUserTC7_TC8_TC10" name="CountryCodes" time="4.777"/>
  <testcase classname="CreateUserTCs.CreateUserTC7_TC8_TC10" name="TC8_WrongStrings_Mail" time="2.326"/>
  <testcase classname="CreateUserTCs.CreateUserTC7_TC8_TC10" name="TC8_WrongStrings_MobileNumber" time="2.329"/>
</testsuite> <!-- TC7_TC8_TC10 -->
